Determining if the pthread_create exist failed with the following output:
Change Dir: /home/anthonybennett/cs135projects/project2/follower/build/CMakeFiles/CMakeTmp

Run Build Command:/usr/bin/make "cmTryCompileExec2305802087/fast"
make[2]: Entering directory `/home/anthonybennett/cs135projects/project2/follower/build/CMakeFiles/CMakeTmp'
/usr/bin/make -f CMakeFiles/cmTryCompileExec2305802087.dir/build.make CMakeFiles/cmTryCompileExec2305802087.dir/build
make[3]: Entering directory `/home/anthonybennett/cs135projects/project2/follower/build/CMakeFiles/CMakeTmp'
/usr/bin/cmake -E cmake_progress_report /home/anthonybennett/cs135projects/project2/follower/build/CMakeFiles/CMakeTmp/CMakeFiles 1
Building C object CMakeFiles/cmTryCompileExec2305802087.dir/CheckSymbolExists.c.o
/usr/bin/cc    -o CMakeFiles/cmTryCompileExec2305802087.dir/CheckSymbolExists.c.o   -c /home/anthonybennett/cs135projects/project2/follower/build/CMakeFiles/CMakeTmp/CheckSymbolExists.c
Linking C executable cmTryCompileExec2305802087
/usr/bin/cmake -E cmake_link_script CMakeFiles/cmTryCompileExec2305802087.dir/link.txt --verbose=1
/usr/bin/cc       CMakeFiles/cmTryCompileExec2305802087.dir/CheckSymbolExists.c.o  -o cmTryCompileExec2305802087 -rdynamic 
CMakeFiles/cmTryCompileExec2305802087.dir/CheckSymbolExists.c.o: In function `main':
CheckSymbolExists.c:(.text+0x16): undefined reference to `pthread_create'
collect2: error: ld returned 1 exit status
make[3]: *** [cmTryCompileExec2305802087] Error 1
make[3]: Leaving directory `/home/anthonybennett/cs135projects/project2/follower/build/CMakeFiles/CMakeTmp'
make[2]: *** [cmTryCompileExec2305802087/fast] Error 2
make[2]: Leaving directory `/home/anthonybennett/cs135projects/project2/follower/build/CMakeFiles/CMakeTmp'

File /home/anthonybennett/cs135projects/project2/follower/build/CMakeFiles/CMakeTmp/CheckSymbolExists.c:
/* */
#include <pthread.h>

int main(int argc, char** argv)
{
  (void)argv;
#ifndef pthread_create
  return ((int*)(&pthread_create))[argc];
#else
  (void)argc;
  return 0;
#endif
}

Determining if the function pthread_create exists in the pthreads failed with the following output:
Change Dir: /home/anthonybennett/cs135projects/project2/follower/build/CMakeFiles/CMakeTmp

Run Build Command:/usr/bin/make "cmTryCompileExec1172487471/fast"
make[2]: Entering directory `/home/anthonybennett/cs135projects/project2/follower/build/CMakeFiles/CMakeTmp'
/usr/bin/make -f CMakeFiles/cmTryCompileExec1172487471.dir/build.make CMakeFiles/cmTryCompileExec1172487471.dir/build
make[3]: Entering directory `/home/anthonybennett/cs135projects/project2/follower/build/CMakeFiles/CMakeTmp'
/usr/bin/cmake -E cmake_progress_report /home/anthonybennett/cs135projects/project2/follower/build/CMakeFiles/CMakeTmp/CMakeFiles 1
Building C object CMakeFiles/cmTryCompileExec1172487471.dir/CheckFunctionExists.c.o
/usr/bin/cc   -DCHECK_FUNCTION_EXISTS=pthread_create   -o CMakeFiles/cmTryCompileExec1172487471.dir/CheckFunctionExists.c.o   -c /usr/share/cmake-2.8/Modules/CheckFunctionExists.c
Linking C executable cmTryCompileExec1172487471
/usr/bin/cmake -E cmake_link_script CMakeFiles/cmTryCompileExec1172487471.dir/link.txt --verbose=1
/usr/bin/cc   -DCHECK_FUNCTION_EXISTS=pthread_create    CMakeFiles/cmTryCompileExec1172487471.dir/CheckFunctionExists.c.o  -o cmTryCompileExec1172487471 -rdynamic -lpthreads 
/usr/bin/ld: cannot find -lpthreads
collect2: error: ld returned 1 exit status
make[3]: Leaving directory `/home/anthonybennett/cs135projects/project2/follower/build/CMakeFiles/CMakeTmp'
make[3]: *** [cmTryCompileExec1172487471] Error 1
make[2]: *** [cmTryCompileExec1172487471/fast] Error 2
make[2]: Leaving directory `/home/anthonybennett/cs135projects/project2/follower/build/CMakeFiles/CMakeTmp'


