Determining if the pthread_create exist failed with the following output:
Change Dir: /nfs/home/anthonybennett/cs135projects/project2/wanderer/build/CMakeFiles/CMakeTmp

Run Build Command:/usr/bin/make "cmTryCompileExec3060359789/fast"
make[2]: Entering directory `/nfs/home/anthonybennett/cs135projects/project2/wanderer/build/CMakeFiles/CMakeTmp'
/usr/bin/make -f CMakeFiles/cmTryCompileExec3060359789.dir/build.make CMakeFiles/cmTryCompileExec3060359789.dir/build
make[3]: Entering directory `/nfs/home/anthonybennett/cs135projects/project2/wanderer/build/CMakeFiles/CMakeTmp'
/usr/bin/cmake -E cmake_progress_report /nfs/home/anthonybennett/cs135projects/project2/wanderer/build/CMakeFiles/CMakeTmp/CMakeFiles 1
Building C object CMakeFiles/cmTryCompileExec3060359789.dir/CheckSymbolExists.c.o
/usr/bin/cc    -o CMakeFiles/cmTryCompileExec3060359789.dir/CheckSymbolExists.c.o   -c /nfs/home/anthonybennett/cs135projects/project2/wanderer/build/CMakeFiles/CMakeTmp/CheckSymbolExists.c
Linking C executable cmTryCompileExec3060359789
/usr/bin/cmake -E cmake_link_script CMakeFiles/cmTryCompileExec3060359789.dir/link.txt --verbose=1
/usr/bin/cc       CMakeFiles/cmTryCompileExec3060359789.dir/CheckSymbolExists.c.o  -o cmTryCompileExec3060359789 -rdynamic 
CMakeFiles/cmTryCompileExec3060359789.dir/CheckSymbolExists.c.o: In function `main':
CheckSymbolExists.c:(.text+0x16): undefined reference to `pthread_create'
collect2: error: ld returned 1 exit status
make[3]: Leaving directory `/nfs/home/anthonybennett/cs135projects/project2/wanderer/build/CMakeFiles/CMakeTmp'
make[2]: Leaving directory `/nfs/home/anthonybennett/cs135projects/project2/wanderer/build/CMakeFiles/CMakeTmp'
make[3]: *** [cmTryCompileExec3060359789] Error 1
make[2]: *** [cmTryCompileExec3060359789/fast] Error 2

File /nfs/home/anthonybennett/cs135projects/project2/wanderer/build/CMakeFiles/CMakeTmp/CheckSymbolExists.c:
/* */
#include <pthread.h>

int main(int argc, char** argv)
{
  (void)argv;
#ifndef pthread_create
  return ((int*)(&pthread_create))[argc];
#else
  (void)argc;
  return 0;
#endif
}

Determining if the function pthread_create exists in the pthreads failed with the following output:
Change Dir: /nfs/home/anthonybennett/cs135projects/project2/wanderer/build/CMakeFiles/CMakeTmp

Run Build Command:/usr/bin/make "cmTryCompileExec1642251185/fast"
make[2]: Entering directory `/nfs/home/anthonybennett/cs135projects/project2/wanderer/build/CMakeFiles/CMakeTmp'
/usr/bin/make -f CMakeFiles/cmTryCompileExec1642251185.dir/build.make CMakeFiles/cmTryCompileExec1642251185.dir/build
make[3]: Entering directory `/nfs/home/anthonybennett/cs135projects/project2/wanderer/build/CMakeFiles/CMakeTmp'
/usr/bin/cmake -E cmake_progress_report /nfs/home/anthonybennett/cs135projects/project2/wanderer/build/CMakeFiles/CMakeTmp/CMakeFiles 1
Building C object CMakeFiles/cmTryCompileExec1642251185.dir/CheckFunctionExists.c.o
/usr/bin/cc   -DCHECK_FUNCTION_EXISTS=pthread_create   -o CMakeFiles/cmTryCompileExec1642251185.dir/CheckFunctionExists.c.o   -c /usr/share/cmake-2.8/Modules/CheckFunctionExists.c
Linking C executable cmTryCompileExec1642251185
/usr/bin/cmake -E cmake_link_script CMakeFiles/cmTryCompileExec1642251185.dir/link.txt --verbose=1
/usr/bin/cc   -DCHECK_FUNCTION_EXISTS=pthread_create    CMakeFiles/cmTryCompileExec1642251185.dir/CheckFunctionExists.c.o  -o cmTryCompileExec1642251185 -rdynamic -lpthreads 
/usr/bin/ld: cannot find -lpthreads
collect2: error: ld returned 1 exit status
make[3]: Leaving directory `/nfs/home/anthonybennett/cs135projects/project2/wanderer/build/CMakeFiles/CMakeTmp'
make[3]: *** [cmTryCompileExec1642251185] Error 1
make[2]: Leaving directory `/nfs/home/anthonybennett/cs135projects/project2/wanderer/build/CMakeFiles/CMakeTmp'
make[2]: *** [cmTryCompileExec1642251185/fast] Error 2


